Line_type	ori	filter	filter_taxon_name	filter_taxon_rank	Taxon_type
OriLine	AAAAEYLDTYADGSKNGAATDK	AAAAEYLDTYADGSK;NGAATDK	Eubacteriales	order
NewLine	AAAAEYLDTYADGSKNGAATDK	AAAAEYLDTYADGSK;NGAATDK	Eubacteriales	order	samebranch
OriLine	AEIEGDMGDNKVGLQAR	AEIEGDMGDNK;VGLQAR	Bacteroidales	order
NewLine	AEIEGDMGDNKVGLQAR	AEIEGDMGDNK;VGLQAR	Bacteroidales	order	samebranch
OriLine	AEYTAFENIDKAPEER	AEYTAFENIDK;APEER	Olsenella	genus
NewLine	AEYTAFENIDKAPEER	AEYTAFENIDK;APEER	Olsenella	genus	samebranch
OriLine	AIEAATTDDGKFETNAK	AIEAATTDDGK;FETNAK	Faecalibacterium prausnitzii	species
NewLine	AIEAATTDDGKFETNAK	AIEAATTDDGK;FETNAK	Faecalibacterium prausnitzii	species	samebranch
OriLine	ALESTSKDPDAPEYACIK	ALESTSK;DPDAPEYACIK	Faecalibacterium	genus
NewLine	ALESTSKDPDAPEYACIK	ALESTSK;DPDAPEYACIK	Faecalibacterium	genus	samebranch
OriLine	AMPNCVYLDKDSLIVLSK	AMPNCVYLDK;DSLIVLSK	Eubacterium ventriosum	species
NewLine	AMPNCVYLDKDSLIVLSK	AMPNCVYLDK;DSLIVLSK	Eubacterium ventriosum	species	samebranch
OriLine	AQWDNEKHSVEK	AQWDNEK;HSVEK	Eubacteriales	order
NewLine	AQWDNEKHSVEK	AQWDNEK;HSVEK	Eubacteriales	order	samebranch
OriLine	AVFNVDNYKEYLSLQCDSALR	AVFNVDNYK;EYLSLQCDSALR	Bacteria;Bacteria	superkingdom;superkingdom
NewLine	AVFNVDNYKEYLSLQCDSALR	AVFNVDNYK;EYLSLQCDSALR	Bacteria	superkingdom	samebranch
OriLine	AYGTSIADDLASDKEAYNGEK	AYGTSIADDLASDK;EAYNGEK	Eubacteriales;Bacteria	order;superkingdom
NewLine	AYGTSIADDLASDKEAYNGEK	AYGTSIADDLASDK;EAYNGEK	Eubacteriales	order	samebranch
OriLine	DAENPKEQTVFIGHADNK	DAENPK;EQTVFIGHADNK	Eubacterium	genus
NewLine	DAENPKEQTVFIGHADNK	DAENPK;EQTVFIGHADNK	Eubacterium	genus	samebranch
OriLine	DAMEHPEKEEYQNFTIR	DAMEHPEK;EEYQNFTIR	Bacteria	superkingdom
NewLine	DAMEHPEKEEYQNFTIR	DAMEHPEK;EEYQNFTIR	Bacteria	superkingdom	samebranch
OriLine	DESGLAKDFEIEGEFPK	DESGLAK;DFEIEGEFPK	Agathobacter rectalis	species
NewLine	DESGLAKDFEIEGEFPK	DESGLAK;DFEIEGEFPK	Agathobacter rectalis	species	samebranch
OriLine	DIPNVGDDALKDLDDR	DIPNVGDDALK;DLDDR	Bacteria	superkingdom
NewLine	DIPNVGDDALKDLDDR	DIPNVGDDALK;DLDDR	Bacteria	superkingdom	samebranch
OriLine	DLGTGKEQHITITAGSNMSDDEIDK	DLGTGK;EQHITITAGSNMSDDEIDK	Eubacteriales	order
NewLine	DLGTGKEQHITITAGSNMSDDEIDK	DLGTGK;EQHITITAGSNMSDDEIDK	Eubacteriales	order	samebranch
OriLine	DLGTGKEQHITITAGSNMSDEDIDK	DLGTGK;EQHITITAGSNMSDEDIDK	Eubacteriales	order
NewLine	DLGTGKEQHITITAGSNMSDEDIDK	DLGTGK;EQHITITAGSNMSDEDIDK	Eubacteriales	order	samebranch
OriLine	DMQEDKELTFDAIDTVK	DMQEDK;ELTFDAIDTVK	Bacteria	superkingdom
NewLine	DMQEDKELTFDAIDTVK	DMQEDK;ELTFDAIDTVK	Bacteria	superkingdom	samebranch
OriLine	DQFAEAGIDKEFVQDNQSR	DQFAEAGIDK;EFVQDNQSR	Eubacteriales;Eubacteriales	order;order
NewLine	DQFAEAGIDKEFVQDNQSR	DQFAEAGIDK;EFVQDNQSR	Eubacteriales	order	samebranch
OriLine	DVPGVGDDALKDLDER	DLDER;DVPGVGDDALK	Bacteria	superkingdom
NewLine	DVPGVGDDALKDLDER	DLDER;DVPGVGDDALK	Bacteria	superkingdom	samebranch
OriLine	DYDSHKENPMELLDK	DYDSHK;ENPMELLDK	Bacillota	phylum
NewLine	DYDSHKENPMELLDK	DYDSHK;ENPMELLDK	Bacillota	phylum	samebranch
OriLine	EMLSPTSAIAGMGLDKDVALITDGR	DVALITDGR;EMLSPTSAIAGMGLDK	Bacteria	superkingdom
NewLine	EMLSPTSAIAGMGLDKDVALITDGR	DVALITDGR;EMLSPTSAIAGMGLDK	Bacteria	superkingdom	samebranch
OriLine	EQHAEDKFYDVLEEVPR	EQHAEDK;FYDVLEEVPR	Eubacteriales;Bacteria	order;superkingdom
NewLine	EQHAEDKFYDVLEEVPR	EQHAEDK;FYDVLEEVPR	Eubacteriales	order	samebranch
OriLine	EQLVEANDIKVEQEDVLK	EQLVEANDIK;VEQEDVLK	Bacteroides;Bacteria	genus;superkingdom
NewLine	EQLVEANDIKVEQEDVLK	EQLVEANDIK;VEQEDVLK	Bacteroides	genus	samebranch
OriLine	EQNITITASTNMSKEDIDK	EDIDK;EQNITITASTNMSK	Faecalibacterium	genus
NewLine	EQNITITASTNMSKEDIDK	EDIDK;EQNITITASTNMSK	Faecalibacterium	genus	samebranch
OriLine	EVFESLEPVVEKHPEYEK	EVFESLEPVVEK;HPEYEK	Bifidobacterium	genus
NewLine	EVFESLEPVVEKHPEYEK	EVFESLEPVVEK;HPEYEK	Bifidobacterium	genus	samebranch
OriLine	FGDQMNNVAVTDGDKVEAEQR	FGDQMNNVAVTDGDK;VEAEQR	Bacteroidia	class
NewLine	FGDQMNNVAVTDGDKVEAEQR	FGDQMNNVAVTDGDK;VEAEQR	Bacteroidia	class	samebranch
OriLine	FIDTILKEEDLPYTLTSYSPCFR	EEDLPYTLTSYSPCFR;FIDTILK	Eubacteriales	order
NewLine	FIDTILKEEDLPYTLTSYSPCFR	EEDLPYTLTSYSPCFR;FIDTILK	Eubacteriales	order	samebranch
OriLine	FLFDLGVSCKEEPFQK	EEPFQK;FLFDLGVSCK	Prevotellaceae	family
NewLine	FLFDLGVSCKEEPFQK	EEPFQK;FLFDLGVSCK	Prevotellaceae	family	samebranch
OriLine	FLHTLKNMGPSPEPNLTVLYSSR	FLHTLK;NMGPSPEPNLTVLYSSR	Dorea	genus
NewLine	FLHTLKNMGPSPEPNLTVLYSSR	FLHTLK;NMGPSPEPNLTVLYSSR	Dorea	genus	samebranch
OriLine	FLNAYYDAKIFENDPFAK	FLNAYYDAK;IFENDPFAK	Bacteria;Bacteria	superkingdom;superkingdom
NewLine	FLNAYYDAKIFENDPFAK	FLNAYYDAK;IFENDPFAK	Bacteria	superkingdom	samebranch
OriLine	FLNDMFDKGLIER	FLNDMFDK;GLIER	Bacteroidales	order
NewLine	FLNDMFDKGLIER	FLNDMFDK;GLIER	Bacteroidales	order	samebranch
OriLine	FLVDYANLGKSQMPAQYVEYYQK	FLVDYANLGK;SQMPAQYVEYYQK	Phocaeicola massiliensis B84634 = Timone 84634 = DSM 17679 = JCM 13223;Phocaeicola massiliensis B84634 = Timone 84634 = DSM 17679 = JCM 13223	strain;strain
NewLine	FLVDYANLGKSQMPAQYVEYYQK	FLVDYANLGK;SQMPAQYVEYYQK	Phocaeicola massiliensis B84634 = Timone 84634 = DSM 17679 = JCM 13223	strain	samebranch
OriLine	GDADFMDYANIDKAPEER	APEER;GDADFMDYANIDK	Eubacteriales	order
NewLine	GDADFMDYANIDKAPEER	APEER;GDADFMDYANIDK	Eubacteriales	order	samebranch
OriLine	GDYIICDDRDHASIVDGR	DHASIVDGR;GDYIICDDR	Bacteroidales	order
NewLine	GDYIICDDRDHASIVDGR	DHASIVDGR;GDYIICDDR	Bacteroidales	order	samebranch
OriLine	GPGMFDISAFLGKEETLR	EETLR;GPGMFDISAFLGK	Prevotellaceae	family
NewLine	GPGMFDISAFLGKEETLR	EETLR;GPGMFDISAFLGK	Prevotellaceae	family	samebranch
OriLine	IACDLVDEGMRTEEEAVAMIDPR	IACDLVDEGMR;TEEEAVAMIDPR	Bacteria;Eubacteriales	superkingdom;order
NewLine	IACDLVDEGMRTEEEAVAMIDPR	IACDLVDEGMR;TEEEAVAMIDPR	Eubacteriales	order	samebranch
OriLine	IEASSGLSKEEIDR	EEIDR;IEASSGLSK	Bacteria	superkingdom
NewLine	IEASSGLSKEEIDR	EEIDR;IEASSGLSK	Bacteria	superkingdom	samebranch
OriLine	IFENDPFAKLDQIGVGK	IFENDPFAK;LDQIGVGK	Bacteria;Bacteria	superkingdom;superkingdom
NewLine	IFENDPFAKLDQIGVGK	IFENDPFAK;LDQIGVGK	Bacteria	superkingdom	samebranch
OriLine	IFENDPFAKLDQVGVGK	IFENDPFAK;LDQVGVGK	Bacteria	superkingdom
NewLine	IFENDPFAKLDQVGVGK	IFENDPFAK;LDQVGVGK	Bacteria	superkingdom	samebranch
OriLine	IGENKHTVEAGEDYIVVDGK	HTVEAGEDYIVVDGK;IGENK	Bacteria	superkingdom
NewLine	IGENKHTVEAGEDYIVVDGK	HTVEAGEDYIVVDGK;IGENK	Bacteria	superkingdom	samebranch
OriLine	IIGDHTDKFVQAYFQYDSK	FVQAYFQYDSK;IIGDHTDK	Bacteria;Bacteria	superkingdom;superkingdom
NewLine	IIGDHTDKFVQAYFQYDSK	FVQAYFQYDSK;IIGDHTDK	Bacteria	superkingdom	samebranch
OriLine	IIGDHTDKYVQAYFQYDSK	IIGDHTDK;YVQAYFQYDSK	Bacteria	superkingdom
NewLine	IIGDHTDKYVQAYFQYDSK	IIGDHTDK;YVQAYFQYDSK	Bacteria	superkingdom	samebranch
OriLine	IPVSMHNVPEKDIYRPAAWNAFGMDK	DIYRPAAWNAFGMDK;IPVSMHNVPEK	Eubacteriales;Eubacteriales	order;order
NewLine	IPVSMHNVPEKDIYRPAAWNAFGMDK	DIYRPAAWNAFGMDK;IPVSMHNVPEK	Eubacteriales	order	samebranch
OriLine	IPVYDNNKDYIVGYVLK	DYIVGYVLK;IPVYDNNK	Prevotellaceae;Prevotellaceae	family;family
NewLine	IPVYDNNKDYIVGYVLK	DYIVGYVLK;IPVYDNNK	Prevotellaceae	family	samebranch
OriLine	ISVAVNKDNVTSGVIASAK	DNVTSGVIASAK;ISVAVNK	Collinsella aerofaciens	species
NewLine	ISVAVNKDNVTSGVIASAK	DNVTSGVIASAK;ISVAVNK	Collinsella aerofaciens	species	samebranch
OriLine	ITEAVGKSTNPANYLLAQK	ITEAVGK;STNPANYLLAQK	Bacteroidales	order
NewLine	ITEAVGKSTNPANYLLAQK	ITEAVGK;STNPANYLLAQK	Bacteroidales	order	samebranch
OriLine	IVMEDPDGNKIEGPEFK	IEGPEFK;IVMEDPDGNK	Segatella copri	species
NewLine	IVMEDPDGNKIEGPEFK	IEGPEFK;IVMEDPDGNK	Segatella copri	species	samebranch
OriLine	IVPTIAIPHPLGNPALEKDEEYALR	DEEYALR;IVPTIAIPHPLGNPALEK	Coprococcus comes	species
NewLine	IVPTIAIPHPLGNPALEKDEEYALR	DEEYALR;IVPTIAIPHPLGNPALEK	Coprococcus comes	species	samebranch
OriLine	IVVTEIPYGVNKAELIK	AELIK;IVVTEIPYGVNK	Bacteria	superkingdom
NewLine	IVVTEIPYGVNKAELIK	AELIK;IVVTEIPYGVNK	Bacteria	superkingdom	samebranch
OriLine	LFADEYPIQAVVNKQDLLDAISR	LFADEYPIQAVVNK;QDLLDAISR	Bacteria	superkingdom
NewLine	LFADEYPIQAVVNKQDLLDAISR	LFADEYPIQAVVNK;QDLLDAISR	Bacteria	superkingdom	samebranch
OriLine	LGTGEAVAFENIDKAPEER	APEER;LGTGEAVAFENIDK	Eubacteriales	order
NewLine	LGTGEAVAFENIDKAPEER	APEER;LGTGEAVAFENIDK	Eubacteriales	order	samebranch
OriLine	LQWSKDDPGIYQLSYAGVNQK	DDPGIYQLSYAGVNQK;LQWSK	Lachnospiraceae	family
NewLine	LQWSKDDPGIYQLSYAGVNQK	DDPGIYQLSYAGVNQK;LQWSK	Lachnospiraceae	family	samebranch
OriLine	LVTESYKETEDEPIITR	ETEDEPIITR;LVTESYK	Eubacteriales	order
NewLine	LVTESYKETEDEPIITR	ETEDEPIITR;LVTESYK	Eubacteriales	order	samebranch
OriLine	LYDLEQQKQHDEIASER	LYDLEQQK;QHDEIASER	Bacteria	superkingdom
NewLine	LYDLEQQKQHDEIASER	LYDLEQQK;QHDEIASER	Bacteria	superkingdom	samebranch
OriLine	MALNDKNEIIAFEFLNLGK	MALNDK;NEIIAFEFLNLGK	Coriobacteriales	order
NewLine	MALNDKNEIIAFEFLNLGK	MALNDK;NEIIAFEFLNLGK	Coriobacteriales	order	samebranch
OriLine	NVILDSVTPTEANKVVAIVK	NVILDSVTPTEANK;VVAIVK	Roseburia faecis	species
NewLine	NVILDSVTPTEANKVVAIVK	NVILDSVTPTEANK;VVAIVK	Roseburia faecis	species	samebranch
OriLine	QSVNEPLQTGLKAIDAMVPIGR	AIDAMVPIGR;QSVNEPLQTGLK	Bacteria	superkingdom
NewLine	QSVNEPLQTGLKAIDAMVPIGR	AIDAMVPIGR;QSVNEPLQTGLK	Bacteria	superkingdom	samebranch
OriLine	QVGDSVDAADKSAVEADIAAVK	QVGDSVDAADK;SAVEADIAAVK	Agathobacter rectalis;Lachnospiraceae	species;family
NewLine	QVGDSVDAADKSAVEADIAAVK	QVGDSVDAADK;SAVEADIAAVK	Agathobacter rectalis	species	samebranch
OriLine	SEAELPARAEEVHHAK	AEEVHHAK;SEAELPAR	Bacteria	superkingdom
NewLine	SEAELPARAEEVHHAK	AEEVHHAK;SEAELPAR	Bacteria	superkingdom	samebranch
OriLine	SFLDAHKEAEAMTEADVAELK	EAEAMTEADVAELK;SFLDAHK	Agathobacter rectalis	species
NewLine	SFLDAHKEAEAMTEADVAELK	EAEAMTEADVAELK;SFLDAHK	Agathobacter rectalis	species	samebranch
OriLine	SGAVELSKEDVAK	EDVAK;SGAVELSK	Bacteroidaceae	family
NewLine	SGAVELSKEDVAK	EDVAK;SGAVELSK	Bacteroidaceae	family	samebranch
OriLine	SGDVYVPDDSKETGIGATR	ETGIGATR;SGDVYVPDDSK	Eubacteriales	order
NewLine	SGDVYVPDDSKETGIGATR	ETGIGATR;SGDVYVPDDSK	Eubacteriales	order	samebranch
OriLine	TANLLREEGLNIIHLPK	EEGLNIIHLPK;TANLLR	Clostridia	class
NewLine	TANLLREEGLNIIHLPK	EEGLNIIHLPK;TANLLR	Clostridia	class	samebranch
OriLine	TGSQSIKDNTGDTYK	DNTGDTYK;TGSQSIK	Eubacteriales	order
NewLine	TGSQSIKDNTGDTYK	DNTGDTYK;TGSQSIK	Eubacteriales	order	samebranch
OriLine	TLEDHYRDMQDMEFTVEHGK	DMQDMEFTVEHGK;TLEDHYR	Bacteria;Bacteria	superkingdom;superkingdom
NewLine	TLEDHYRDMQDMEFTVEHGK	DMQDMEFTVEHGK;TLEDHYR	Bacteria	superkingdom	samebranch
OriLine	TVDEFDVDDFKDSSLAK	DSSLAK;TVDEFDVDDFK	Bacillota	phylum
NewLine	TVDEFDVDDFKDSSLAK	DSSLAK;TVDEFDVDDFK	Bacillota	phylum	samebranch
OriLine	VAGNTATDFENIDKAPEER	APEER;VAGNTATDFENIDK	Bacteria	superkingdom
NewLine	VAGNTATDFENIDKAPEER	APEER;VAGNTATDFENIDK	Bacteria	superkingdom	samebranch
OriLine	VAIDDKQYSPQQISAMILQK	QYSPQQISAMILQK;VAIDDK	Roseburia	genus
NewLine	VAIDDKQYSPQQISAMILQK	QYSPQQISAMILQK;VAIDDK	Roseburia	genus	samebranch
OriLine	VDFENIDKAPEER	APEER;VDFENIDK	Bacteria	superkingdom
NewLine	VDFENIDKAPEER	APEER;VDFENIDK	Bacteria	superkingdom	samebranch
OriLine	VEAENGATAGKFDLAK	FDLAK;VEAENGATAGK	Bacteria	superkingdom
NewLine	VEAENGATAGKFDLAK	FDLAK;VEAENGATAGK	Bacteria	superkingdom	samebranch
OriLine	VEGNAAVDFENIDKAPEER	APEER;VEGNAAVDFENIDK	Eubacteriales	order
NewLine	VEGNAAVDFENIDKAPEER	APEER;VEGNAAVDFENIDK	Eubacteriales	order	samebranch
OriLine	VLEEGANTLSKEETTR	EETTR;VLEEGANTLSK	Bacteroidaceae	family
NewLine	VLEEGANTLSKEETTR	EETTR;VLEEGANTLSK	Bacteroidaceae	family	samebranch
OriLine	VLPYQQDDFKGLFEALEGNPVTIR	GLFEALEGNPVTIR;VLPYQQDDFK	Lachnospiraceae;Lachnospiraceae	family;family
NewLine	VLPYQQDDFKGLFEALEGNPVTIR	GLFEALEGNPVTIR;VLPYQQDDFK	Lachnospiraceae	family	samebranch
OriLine	VNPPLRTDEDAEAIR	TDEDAEAIR;VNPPLR	Collinsella aerofaciens	species
NewLine	VNPPLRTDEDAEAIR	TDEDAEAIR;VNPPLR	Collinsella aerofaciens	species	samebranch
OriLine	VNVGFHWFDDKHATSYNNR	HATSYNNR;VNVGFHWFDDK	Prevotellaceae;Prevotellaceae	family;family
NewLine	VNVGFHWFDDKHATSYNNR	HATSYNNR;VNVGFHWFDDK	Prevotellaceae	family	samebranch
OriLine	VQEGQVVVKGEEITEGSENPHDIVR	GEEITEGSENPHDIVR;VQEGQVVVK	Eubacteriales;Eubacteriales	order;order
NewLine	VQEGQVVVKGEEITEGSENPHDIVR	GEEITEGSENPHDIVR;VQEGQVVVK	Eubacteriales	order	samebranch
OriLine	VSGPVPLPTDKEVITILR	EVITILR;VSGPVPLPTDK	Clostridia	class
NewLine	VSGPVPLPTDKEVITILR	EVITILR;VSGPVPLPTDK	Clostridia	class	samebranch
OriLine	VTLNGKEYTPQQVSAMILQK	EYTPQQVSAMILQK;VTLNGK	Faecalibacterium	genus
NewLine	VTLNGKEYTPQQVSAMILQK	EYTPQQVSAMILQK;VTLNGK	Faecalibacterium	genus	samebranch
OriLine	VVEAPPKELELLACLAGHPNR	ELELLACLAGHPNR;VVEAPPK	Eubacteriales	order
NewLine	VVEAPPKELELLACLAGHPNR	ELELLACLAGHPNR;VVEAPPK	Eubacteriales	order	samebranch
OriLine	VVISAPAGNDLKTIVYSVNEK	TIVYSVNEK;VVISAPAGNDLK	Bacteria;Bacteria	superkingdom;superkingdom
NewLine	VVISAPAGNDLKTIVYSVNEK	TIVYSVNEK;VVISAPAGNDLK	Bacteria	superkingdom	samebranch
OriLine	WTGNALTEAFDKNGNVLK	NGNVLK;WTGNALTEAFDK	Bacteroidaceae	family
NewLine	WTGNALTEAFDKNGNVLK	NGNVLK;WTGNALTEAFDK	Bacteroidaceae	family	samebranch
OriLine	YADALDEENKAGFTVGEEIK	AGFTVGEEIK;YADALDEENK	Faecalibacterium;Faecalibacterium prausnitzii	genus;species
NewLine	YADALDEENKAGFTVGEEIK	AGFTVGEEIK;YADALDEENK	Faecalibacterium prausnitzii	species	samebranch
OriLine	YAIDPTKLETELGWKPK	LETELGWKPK;YAIDPTK	Bacteria	superkingdom
NewLine	YAIDPTKLETELGWKPK	LETELGWKPK;YAIDPTK	Bacteria	superkingdom	samebranch
OriLine	YDSSQGKYALADTVSATDDSIIVDGK	YALADTVSATDDSIIVDGK;YDSSQGK	Eubacteriales	order
NewLine	YDSSQGKYALADTVSATDDSIIVDGK	YALADTVSATDDSIIVDGK;YDSSQGK	Eubacteriales	order	samebranch
OriLine	YDSTETDKGYTSVGTTSK	GYTSVGTTSK;YDSTETDK	Lachnospira eligens;Lachnospira eligens	species;species
NewLine	YDSTETDKGYTSVGTTSK	GYTSVGTTSK;YDSTETDK	Lachnospira eligens	species	samebranch
OriLine	YNCEFDDRGNIGK	GNIGK;YNCEFDDR	Eubacteriales	order
NewLine	YNCEFDDRGNIGK	GNIGK;YNCEFDDR	Eubacteriales	order	samebranch
OriLine	YNELYDKQNDEDFGKPAYR	QNDEDFGKPAYR;YNELYDK	Faecalibacterium	genus
NewLine	YNELYDKQNDEDFGKPAYR	QNDEDFGKPAYR;YNELYDK	Faecalibacterium	genus	samebranch
OriLine	YSLDLDKEADAVEAAVQK	EADAVEAAVQK;YSLDLDK	Eubacteriales	order
NewLine	YSLDLDKEADAVEAAVQK	EADAVEAAVQK;YSLDLDK	Eubacteriales	order	samebranch
